-- The C compiler identification is GNU 9.4.0
-- The CXX compiler identification is GNU 9.4.0
-- Check for working C compiler: /usr/bin/cc
-- Check for working C compiler: /usr/bin/cc -- works
-- Detecting C compiler ABI info
-- Detecting C compiler ABI info - done
-- Detecting C compile features
-- Detecting C compile features - done
-- Check for working CXX compiler: /usr/bin/c++
-- Check for working CXX compiler: /usr/bin/c++ -- works
-- Detecting CXX compiler ABI info
-- Detecting CXX compiler ABI info - done
-- Detecting CXX compile features
-- Detecting CXX compile features - done
-- Found ament_cmake: 0.9.9 (/opt/ros/foxy/share/ament_cmake/cmake)
-- Found PythonInterp: /usr/bin/python3 (found suitable version "3.8.10", minimum required is "3") 
-- Using PYTHON_EXECUTABLE: /usr/bin/python3
-- Override CMake install command with custom implementation using symlinks instead of copying resources
-- Found ament_lint_auto: 0.9.6 (/opt/ros/foxy/share/ament_lint_auto/cmake)
-- Added test 'copyright' to check source files copyright and LICENSE
-- Added test 'lint_cmake' to check CMake code style
-- Added test 'xmllint' to check XML markup files
-- Configuring done
-- Generating done
-- Build files have been written to: /home/dheeraj/Desktop/Projects/Learnings/Projects_ROS2/build/fourwheelarm
-- Install configuration: ""
-- Execute custom install script
-- Symlinking: /home/dheeraj/Desktop/Projects/Learnings/Projects_ROS2/install/fourwheelarm/share/ament_index/resource_index/package_run_dependencies/fourwheelarm
-- Symlinking: /home/dheeraj/Desktop/Projects/Learnings/Projects_ROS2/install/fourwheelarm/share/ament_index/resource_index/parent_prefix_path/fourwheelarm
-- Symlinking: /home/dheeraj/Desktop/Projects/Learnings/Projects_ROS2/install/fourwheelarm/share/fourwheelarm/environment/ament_prefix_path.sh
-- Symlinking: /home/dheeraj/Desktop/Projects/Learnings/Projects_ROS2/install/fourwheelarm/share/fourwheelarm/environment/ament_prefix_path.dsv
-- Symlinking: /home/dheeraj/Desktop/Projects/Learnings/Projects_ROS2/install/fourwheelarm/share/fourwheelarm/environment/path.sh
-- Symlinking: /home/dheeraj/Desktop/Projects/Learnings/Projects_ROS2/install/fourwheelarm/share/fourwheelarm/environment/path.dsv
-- Symlinking: /home/dheeraj/Desktop/Projects/Learnings/Projects_ROS2/install/fourwheelarm/share/fourwheelarm/local_setup.bash
-- Symlinking: /home/dheeraj/Desktop/Projects/Learnings/Projects_ROS2/install/fourwheelarm/share/fourwheelarm/local_setup.sh
-- Symlinking: /home/dheeraj/Desktop/Projects/Learnings/Projects_ROS2/install/fourwheelarm/share/fourwheelarm/local_setup.zsh
-- Symlinking: /home/dheeraj/Desktop/Projects/Learnings/Projects_ROS2/install/fourwheelarm/share/fourwheelarm/local_setup.dsv
-- Symlinking: /home/dheeraj/Desktop/Projects/Learnings/Projects_ROS2/install/fourwheelarm/share/fourwheelarm/package.dsv
-- Symlinking: /home/dheeraj/Desktop/Projects/Learnings/Projects_ROS2/install/fourwheelarm/share/ament_index/resource_index/packages/fourwheelarm
-- Symlinking: /home/dheeraj/Desktop/Projects/Learnings/Projects_ROS2/install/fourwheelarm/share/fourwheelarm/cmake/fourwheelarmConfig.cmake
-- Symlinking: /home/dheeraj/Desktop/Projects/Learnings/Projects_ROS2/install/fourwheelarm/share/fourwheelarm/cmake/fourwheelarmConfig-version.cmake
-- Symlinking: /home/dheeraj/Desktop/Projects/Learnings/Projects_ROS2/install/fourwheelarm/share/fourwheelarm/package.xml
