[0.014s] Invoking command in '/home/dheeraj/Desktop/Projects/Learnings/Projects_ROS2/build/fourwheelarm': CMAKE_PREFIX_PATH=/opt/ros/foxy /usr/bin/cmake /home/dheeraj/Desktop/Projects/Learnings/Projects_ROS2/src/fourwheelarm -DAMENT_CMAKE_SYMLINK_INSTALL=1 -DCMAKE_INSTALL_PREFIX=/home/dheeraj/Desktop/Projects/Learnings/Projects_ROS2/install/fourwheelarm
[0.078s] -- The C compiler identification is GNU 9.4.0
[0.131s] -- The CXX compiler identification is GNU 9.4.0
[0.135s] -- Check for working C compiler: /usr/bin/cc
[0.213s] -- Check for working C compiler: /usr/bin/cc -- works
[0.214s] -- Detecting C compiler ABI info
[0.292s] -- Detecting C compiler ABI info - done
[0.306s] -- Detecting C compile features
[0.306s] -- Detecting C compile features - done
[0.309s] -- Check for working CXX compiler: /usr/bin/c++
[0.388s] -- Check for working CXX compiler: /usr/bin/c++ -- works
[0.389s] -- Detecting CXX compiler ABI info
[0.474s] -- Detecting CXX compiler ABI info - done
[0.491s] -- Detecting CXX compile features
[0.491s] -- Detecting CXX compile features - done
[0.498s] -- Found ament_cmake: 0.9.9 (/opt/ros/foxy/share/ament_cmake/cmake)
[0.524s] -- Found PythonInterp: /usr/bin/python3 (found suitable version "3.8.10", minimum required is "3") 
[0.524s] -- Using PYTHON_EXECUTABLE: /usr/bin/python3
[0.696s] -- Override CMake install command with custom implementation using symlinks instead of copying resources
[0.725s] -- Found ament_lint_auto: 0.9.6 (/opt/ros/foxy/share/ament_lint_auto/cmake)
[0.802s] -- Added test 'copyright' to check source files copyright and LICENSE
[0.804s] -- Added test 'lint_cmake' to check CMake code style
[0.805s] -- Added test 'xmllint' to check XML markup files
[0.807s] -- Configuring done
[0.809s] -- Generating done
[0.810s] -- Build files have been written to: /home/dheeraj/Desktop/Projects/Learnings/Projects_ROS2/build/fourwheelarm
[0.817s] Invoked command in '/home/dheeraj/Desktop/Projects/Learnings/Projects_ROS2/build/fourwheelarm' returned '0': CMAKE_PREFIX_PATH=/opt/ros/foxy /usr/bin/cmake /home/dheeraj/Desktop/Projects/Learnings/Projects_ROS2/src/fourwheelarm -DAMENT_CMAKE_SYMLINK_INSTALL=1 -DCMAKE_INSTALL_PREFIX=/home/dheeraj/Desktop/Projects/Learnings/Projects_ROS2/install/fourwheelarm
[0.817s] Invoking command in '/home/dheeraj/Desktop/Projects/Learnings/Projects_ROS2/build/fourwheelarm': CMAKE_PREFIX_PATH=/opt/ros/foxy /usr/bin/cmake --build /home/dheeraj/Desktop/Projects/Learnings/Projects_ROS2/build/fourwheelarm -- -j16 -l16
[0.852s] Invoked command in '/home/dheeraj/Desktop/Projects/Learnings/Projects_ROS2/build/fourwheelarm' returned '0': CMAKE_PREFIX_PATH=/opt/ros/foxy /usr/bin/cmake --build /home/dheeraj/Desktop/Projects/Learnings/Projects_ROS2/build/fourwheelarm -- -j16 -l16
[0.884s] Invoking command in '/home/dheeraj/Desktop/Projects/Learnings/Projects_ROS2/build/fourwheelarm': CMAKE_PREFIX_PATH=/opt/ros/foxy /usr/bin/cmake --install /home/dheeraj/Desktop/Projects/Learnings/Projects_ROS2/build/fourwheelarm
[0.892s] -- Install configuration: ""
[0.892s] -- Execute custom install script
[0.893s] -- Symlinking: /home/dheeraj/Desktop/Projects/Learnings/Projects_ROS2/install/fourwheelarm/share/ament_index/resource_index/package_run_dependencies/fourwheelarm
[0.900s] -- Symlinking: /home/dheeraj/Desktop/Projects/Learnings/Projects_ROS2/install/fourwheelarm/share/ament_index/resource_index/parent_prefix_path/fourwheelarm
[0.908s] -- Symlinking: /home/dheeraj/Desktop/Projects/Learnings/Projects_ROS2/install/fourwheelarm/share/fourwheelarm/environment/ament_prefix_path.sh
[0.915s] -- Symlinking: /home/dheeraj/Desktop/Projects/Learnings/Projects_ROS2/install/fourwheelarm/share/fourwheelarm/environment/ament_prefix_path.dsv
[0.922s] -- Symlinking: /home/dheeraj/Desktop/Projects/Learnings/Projects_ROS2/install/fourwheelarm/share/fourwheelarm/environment/path.sh
[0.929s] -- Symlinking: /home/dheeraj/Desktop/Projects/Learnings/Projects_ROS2/install/fourwheelarm/share/fourwheelarm/environment/path.dsv
[0.936s] -- Symlinking: /home/dheeraj/Desktop/Projects/Learnings/Projects_ROS2/install/fourwheelarm/share/fourwheelarm/local_setup.bash
[0.944s] -- Symlinking: /home/dheeraj/Desktop/Projects/Learnings/Projects_ROS2/install/fourwheelarm/share/fourwheelarm/local_setup.sh
[0.952s] -- Symlinking: /home/dheeraj/Desktop/Projects/Learnings/Projects_ROS2/install/fourwheelarm/share/fourwheelarm/local_setup.zsh
[0.959s] -- Symlinking: /home/dheeraj/Desktop/Projects/Learnings/Projects_ROS2/install/fourwheelarm/share/fourwheelarm/local_setup.dsv
[0.966s] -- Symlinking: /home/dheeraj/Desktop/Projects/Learnings/Projects_ROS2/install/fourwheelarm/share/fourwheelarm/package.dsv
[0.973s] -- Symlinking: /home/dheeraj/Desktop/Projects/Learnings/Projects_ROS2/install/fourwheelarm/share/ament_index/resource_index/packages/fourwheelarm
[0.979s] -- Symlinking: /home/dheeraj/Desktop/Projects/Learnings/Projects_ROS2/install/fourwheelarm/share/fourwheelarm/cmake/fourwheelarmConfig.cmake
[0.989s] -- Symlinking: /home/dheeraj/Desktop/Projects/Learnings/Projects_ROS2/install/fourwheelarm/share/fourwheelarm/cmake/fourwheelarmConfig-version.cmake
[1.000s] -- Symlinking: /home/dheeraj/Desktop/Projects/Learnings/Projects_ROS2/install/fourwheelarm/share/fourwheelarm/package.xml
[1.014s] Invoked command in '/home/dheeraj/Desktop/Projects/Learnings/Projects_ROS2/build/fourwheelarm' returned '0': CMAKE_PREFIX_PATH=/opt/ros/foxy /usr/bin/cmake --install /home/dheeraj/Desktop/Projects/Learnings/Projects_ROS2/build/fourwheelarm
