[0.017s] Invoking command in '/home/dheeraj/Desktop/Projects/Learnings/Projects_ROS2/build/fourwheelarm': CMAKE_PREFIX_PATH=/opt/ros/foxy /usr/bin/cmake --build /home/dheeraj/Desktop/Projects/Learnings/Projects_ROS2/build/fourwheelarm -- -j16 -l16
[0.044s] -- Found ament_cmake: 0.9.9 (/opt/ros/foxy/share/ament_cmake/cmake)
[0.067s] -- Using PYTHON_EXECUTABLE: /usr/bin/python3
[0.231s] -- Override CMake install command with custom implementation using symlinks instead of copying resources
[0.239s] -- Found ament_lint_auto: 0.9.6 (/opt/ros/foxy/share/ament_lint_auto/cmake)
[0.304s] -- Added test 'copyright' to check source files copyright and LICENSE
[0.305s] -- Added test 'lint_cmake' to check CMake code style
[0.306s] -- Added test 'xmllint' to check XML markup files
[0.308s] -- Configuring done
[0.310s] -- Generating done
[0.311s] -- Build files have been written to: /home/dheeraj/Desktop/Projects/Learnings/Projects_ROS2/build/fourwheelarm
[0.334s] Invoked command in '/home/dheeraj/Desktop/Projects/Learnings/Projects_ROS2/build/fourwheelarm' returned '0': CMAKE_PREFIX_PATH=/opt/ros/foxy /usr/bin/cmake --build /home/dheeraj/Desktop/Projects/Learnings/Projects_ROS2/build/fourwheelarm -- -j16 -l16
[0.374s] Invoking command in '/home/dheeraj/Desktop/Projects/Learnings/Projects_ROS2/build/fourwheelarm': CMAKE_PREFIX_PATH=/opt/ros/foxy /usr/bin/cmake --install /home/dheeraj/Desktop/Projects/Learnings/Projects_ROS2/build/fourwheelarm
[0.380s] -- Install configuration: ""
[0.380s] -- Execute custom install script
[0.380s] -- Up-to-date symlink: /home/dheeraj/Desktop/Projects/Learnings/Projects_ROS2/install/fourwheelarm/share/ament_index/resource_index/package_run_dependencies/fourwheelarm
[0.381s] -- Up-to-date symlink: /home/dheeraj/Desktop/Projects/Learnings/Projects_ROS2/install/fourwheelarm/share/ament_index/resource_index/parent_prefix_path/fourwheelarm
[0.381s] -- Up-to-date symlink: /home/dheeraj/Desktop/Projects/Learnings/Projects_ROS2/install/fourwheelarm/share/fourwheelarm/environment/ament_prefix_path.sh
[0.381s] -- Up-to-date symlink: /home/dheeraj/Desktop/Projects/Learnings/Projects_ROS2/install/fourwheelarm/share/fourwheelarm/environment/ament_prefix_path.dsv
[0.382s] -- Up-to-date symlink: /home/dheeraj/Desktop/Projects/Learnings/Projects_ROS2/install/fourwheelarm/share/fourwheelarm/environment/path.sh
[0.382s] -- Up-to-date symlink: /home/dheeraj/Desktop/Projects/Learnings/Projects_ROS2/install/fourwheelarm/share/fourwheelarm/environment/path.dsv
[0.382s] -- Up-to-date symlink: /home/dheeraj/Desktop/Projects/Learnings/Projects_ROS2/install/fourwheelarm/share/fourwheelarm/local_setup.bash
[0.382s] -- Up-to-date symlink: /home/dheeraj/Desktop/Projects/Learnings/Projects_ROS2/install/fourwheelarm/share/fourwheelarm/local_setup.sh
[0.383s] -- Up-to-date symlink: /home/dheeraj/Desktop/Projects/Learnings/Projects_ROS2/install/fourwheelarm/share/fourwheelarm/local_setup.zsh
[0.383s] -- Up-to-date symlink: /home/dheeraj/Desktop/Projects/Learnings/Projects_ROS2/install/fourwheelarm/share/fourwheelarm/local_setup.dsv
[0.383s] -- Symlinking: /home/dheeraj/Desktop/Projects/Learnings/Projects_ROS2/install/fourwheelarm/share/fourwheelarm/package.dsv
[0.392s] -- Up-to-date symlink: /home/dheeraj/Desktop/Projects/Learnings/Projects_ROS2/install/fourwheelarm/share/ament_index/resource_index/packages/fourwheelarm
[0.392s] -- Up-to-date symlink: /home/dheeraj/Desktop/Projects/Learnings/Projects_ROS2/install/fourwheelarm/share/fourwheelarm/cmake/fourwheelarmConfig.cmake
[0.392s] -- Up-to-date symlink: /home/dheeraj/Desktop/Projects/Learnings/Projects_ROS2/install/fourwheelarm/share/fourwheelarm/cmake/fourwheelarmConfig-version.cmake
[0.392s] -- Up-to-date symlink: /home/dheeraj/Desktop/Projects/Learnings/Projects_ROS2/install/fourwheelarm/share/fourwheelarm/package.xml
[0.396s] Invoked command in '/home/dheeraj/Desktop/Projects/Learnings/Projects_ROS2/build/fourwheelarm' returned '0': CMAKE_PREFIX_PATH=/opt/ros/foxy /usr/bin/cmake --install /home/dheeraj/Desktop/Projects/Learnings/Projects_ROS2/build/fourwheelarm
